<?xml version="1.0" encoding="UTF-8"?>
<testsuite xmlns:xsi="http://www.w3.org/2001/XMLSchema-instance" xsi:noNamespaceSchemaLocation="https://maven.apache.org/surefire/maven-surefire-plugin/xsd/surefire-test-report.xsd" version="3.0.2" name="com.mycompany.login.LoginTest" time="0.116" tests="16" errors="0" skipped="0" failures="0">
  <properties>
[...]
</properties>
  <testcase name="testCellPhoneCorrectlyFormattedMessage" classname="com.mycompany.login.LoginTest" time="0.04"/>
  <testcase name="testUsernameIncorrectlyFormattedMessage" classname="com.mycompany.login.LoginTest" time="0.001"/>
  <testcase name="testCellPhoneNumberIncorrectlyFormatted" classname="com.mycompany.login.LoginTest" time="0.002"/>
  <testcase name="testCellPhoneNumberCorrectlyFormatted" classname="com.mycompany.login.LoginTest" time="0.005"/>
  <testcase name="testPasswordDoesNotMeetComplexity" classname="com.mycompany.login.LoginTest" time="0.003"/>
  <testcase name="testUsernameIncorrectlyFormatted" classname="com.mycompany.login.LoginTest" time="0.006"/>
  <testcase name="testPasswordMeetsComplexity" classname="com.mycompany.login.LoginTest" time="0.001"/>
  <testcase name="testReturnLoginStatusSuccess" classname="com.mycompany.login.LoginTest" time="0.003"/>
  <testcase name="testPasswordMeetsComplexityMessage" classname="com.mycompany.login.LoginTest" time="0.001"/>
  <testcase name="testLoginFailed" classname="com.mycompany.login.LoginTest" time="0.002"/>
  <testcase name="testCellPhoneIncorrectlyFormattedMessage" classname="com.mycompany.login.LoginTest" time="0.001"/>
  <testcase name="testLoginSuccessful" classname="com.mycompany.login.LoginTest" time="0.001"/>
  <testcase name="testReturnLoginStatusFailed" classname="com.mycompany.login.LoginTest" time="0.001"/>
  <testcase name="testPasswordDoesNotMeetComplexityMessage" classname="com.mycompany.login.LoginTest" time="0.0"/>
  <testcase name="testUsernameCorrectlyFormatted" classname="com.mycompany.login.LoginTest" time="0.0"/>
  <testcase name="testUsernameCorrectlyFormattedMessage" classname="com.mycompany.login.LoginTest" time="0.001"/>
</testsuite>